\BOOKMARK [0][]{chapter.1}{\376\377\173\054\116\000\172\340\000\040\137\025\212\000}{}% 1
\BOOKMARK [1][]{section.1.1}{\376\377\0001\000.\0001\000\040\177\026\121\231\166\356\166\204}{chapter.1}% 2
\BOOKMARK [1][]{section.1.2}{\376\377\0001\000.\0002\000\040\117\177\165\050\133\371\214\141}{chapter.1}% 3
\BOOKMARK [1][]{section.1.3}{\376\377\0001\000.\0003\000\040\217\157\116\366\203\003\126\364}{chapter.1}% 4
\BOOKMARK [0][]{chapter.2}{\376\377\173\054\116\214\172\340\000\040\217\157\116\366\151\202\217\360}{}% 5
\BOOKMARK [1][]{section.2.1}{\376\377\0002\000.\0001\000\040\217\157\116\366\127\372\147\054\117\341\140\157}{chapter.2}% 6
\BOOKMARK [1][]{section.2.2}{\376\377\0002\000.\0002\000\040\217\157\116\366\122\237\200\375\124\214\142\200\147\057\162\171\160\271}{chapter.2}% 7
\BOOKMARK [2][]{subsection.2.2.1}{\376\377\0002\000.\0002\000.\0001\000\040\170\154\116\366\163\257\130\203}{section.2.2}% 8
\BOOKMARK [2][]{subsection.2.2.2}{\376\377\0002\000.\0002\000.\0002\000\040\217\157\116\366\163\257\130\203}{section.2.2}% 9
\BOOKMARK [2][]{subsection.2.2.3}{\376\377\0002\000.\0002\000.\0003\000\040\177\026\172\013\213\355\212\000}{section.2.2}% 10
\BOOKMARK [2][]{subsection.2.2.4}{\376\377\0002\000.\0002\000.\0004\000\040\116\073\211\201\122\237\200\375\124\214\142\200\147\057\162\171\160\271}{section.2.2}% 11
\BOOKMARK [3][]{subsubsection.2.2.4.1}{\376\377\0002\000.\0002\000.\0004\000.\0001\000\040\137\000\123\321\166\356\166\204}{subsection.2.2.4}% 12
\BOOKMARK [3][]{subsubsection.2.2.4.2}{\376\377\0002\000.\0002\000.\0004\000.\0002\000\040\227\142\124\021\230\206\127\337}{subsection.2.2.4}% 13
\BOOKMARK [3][]{subsubsection.2.2.4.3}{\376\377\0002\000.\0002\000.\0004\000.\0003\000\040\116\073\211\201\122\237\200\375}{subsection.2.2.4}% 14
\BOOKMARK [0][]{chapter.3}{\376\377\173\054\116\011\172\340\000\040\117\177\165\050\213\364\146\016}{}% 15
\BOOKMARK [1][]{section.3.1}{\376\377\0003\000.\0001\000\040\117\177\165\050\155\101\172\013\213\364\146\016}{chapter.3}% 16
\BOOKMARK [2][]{subsection.3.1.1}{\376\377\0003\000.\0001\000.\0001\000\040\174\373\176\337\217\320\210\114}{section.3.1}% 17
\BOOKMARK [2][]{subsection.3.1.2}{\376\377\0003\000.\0001\000.\0002\000\040\150\067\147\054\213\276\177\156}{section.3.1}% 18
\BOOKMARK [2][]{subsection.3.1.3}{\376\377\0003\000.\0001\000.\0003\000\040\227\363\230\221\137\125\122\066}{section.3.1}% 19
\BOOKMARK [2][]{subsection.3.1.4}{\376\377\0003\000.\0001\000.\0004\000\040\227\363\230\221\144\255\145\076}{section.3.1}% 20
\BOOKMARK [2][]{subsection.3.1.5}{\376\377\0003\000.\0001\000.\0005\000\040\227\363\230\221\122\006\147\220}{section.3.1}% 21
\BOOKMARK [2][]{subsection.3.1.6}{\376\377\0003\000.\0001\000.\0006\000\040\140\305\176\352\213\306\122\053}{section.3.1}% 22
\BOOKMARK [0][]{chapter.4}{\376\377\173\054\126\333\172\340\000\040\162\171\137\201\145\160\143\156}{}% 23
\BOOKMARK [1][]{section.4.1}{\376\377\0004\000.\0001\000\040\227\363\230\221\162\171\137\201}{chapter.4}% 24
\BOOKMARK [2][]{subsection.4.1.1}{\376\377\0004\000.\0001\000.\0001\000\040\227\363\230\221\162\171\137\201\143\320\123\326}{section.4.1}% 25
\BOOKMARK [2][]{subsection.4.1.2}{\376\377\0004\000.\0001\000.\0002\000\040\123\330\143\142\116\016\156\344\154\342}{section.4.1}% 26
\BOOKMARK [2][]{subsection.4.1.3}{\376\377\0004\000.\0001\000.\0003\000\040\227\363\230\221\123\357\211\306\123\026}{section.4.1}% 27
\BOOKMARK [2][]{subsection.4.1.4}{\376\377\0004\000.\0001\000.\0004\000\040\227\363\232\330\117\060\213\241\124\214\227\363\230\221\145\366\225\364\142\311\117\070}{section.4.1}% 28
\BOOKMARK [1][]{section.4.2}{\376\377\0004\000.\0002\000\040\213\355\227\363\140\305\176\352\213\306\122\053\142\200\147\057}{chapter.4}% 29
\BOOKMARK [2][]{subsection.4.2.1}{\376\377\0004\000.\0002\000.\0001\000\040\127\372\170\100\151\202\137\365}{section.4.2}% 30
\BOOKMARK [2][]{subsection.4.2.2}{\376\377\0004\000.\0002\000.\0002\000\040\213\355\227\363\140\305\176\352\213\306\122\053\155\101\172\013}{section.4.2}% 31
\BOOKMARK [2][]{subsection.4.2.3}{\376\377\0004\000.\0002\000.\0003\000\040\162\171\137\201\143\320\123\326}{section.4.2}% 32
\BOOKMARK [2][]{subsection.4.2.4}{\376\377\0004\000.\0002\000.\0004\000\040\140\305\141\037\122\006\174\173}{section.4.2}% 33
\BOOKMARK [1][]{section.4.3}{\376\377\0004\000.\0003\000\040\213\355\227\363\140\305\176\352\213\306\122\053\152\041\127\213}{chapter.4}% 34
\BOOKMARK [2][]{subsection.4.3.1}{\376\377\0004\000.\0003\000.\0001\000\040\000C\000N\000N\000-\000R\000N\000N\000\040\155\367\124\010\152\041\127\213}{section.4.3}% 35
\BOOKMARK [2][]{subsection.4.3.2}{\376\377\0004\000.\0003\000.\0002\000\040\000T\000r\000a\000n\000s\000f\000o\000r\000m\000e\000r\000\040\152\041\127\213}{section.4.3}% 36
\BOOKMARK [2][]{subsection.4.3.3}{\376\377\0004\000.\0003\000.\0003\000\040\230\204\213\255\176\303\124\214\137\256\214\003}{section.4.3}% 37
\BOOKMARK [2][]{subsection.4.3.4}{\376\377\0004\000.\0003\000.\0004\000\040\131\032\152\041\140\001\207\215\124\010}{section.4.3}% 38
\BOOKMARK [2][]{subsection.4.3.5}{\376\377\0004\000.\0003\000.\0005\000\040\140\073\176\323}{section.4.3}% 39
